Loading the manifest data
Loading super manfiest files from all sources
Getting manifests from remote and/or local sources
Processing system manifest 'https://modustoolbox.infineon.com/manifests/mtb-super-manifest/v2.X/mtb-super-manifest-fv2.xml'
Downloading super manifest file 'https://modustoolbox.infineon.com/manifests/mtb-super-manifest/v2.X/mtb-super-manifest-fv2.xml'
Finished loading super manifest files from all sources
Finished download of file 'https://modustoolbox.infineon.com/manifests/mtb-super-manifest/v2.X/mtb-super-manifest-fv2.xml'
Starting to parse super manifest with URL 'https://modustoolbox.infineon.com/manifests/mtb-super-manifest/v2.X/mtb-super-manifest-fv2.xml'
Finished parsing super manifest with URL 'https://modustoolbox.infineon.com/manifests/mtb-super-manifest/v2.X/mtb-super-manifest-fv2.xml'
Downloading manifest file 'https://github.com/Infineon/mtb-ce-manifest/raw/v2.X/mtb-ce-manifest.xml'
Downloading manifest file 'https://github.com/Infineon/mtb-ce-manifest/raw/v2.X/mtb-ce-manifest-fv2.xml'
Downloading manifest file 'https://github.com/Infineon/mtb-bt-app-manifest/raw/v2.X/mtb-bt-app-manifest.xml'
Downloading manifest file 'https://github.com/Infineon/mtb-bt-app-manifest/raw/v2.X/mtb-bt-app-manifest-fv2.xml'
Downloading manifest file 'https://github.com/memfault/mtb-memfault-ce-manifest/raw/main/mtb-memfault-ce-manifest-fv2.xml'
Downloading manifest file 'https://github.com/Infineon/cce-app-manifest/raw/v2.X/cce-app-manifest-fv2.xml'
Downloading manifest file 'https://github.com/edgeimpulse/edgeimpulse-ce-manifest/raw/main/edgeimpulse-ce-manifest-fv2.xml'
Downloading manifest file 'https://github.com/golioth/mtb-golioth-ce-manifest/raw/main/mtb-golioth-ce-manifest-fv2.xml'
Downloading manifest file 'https://github.com/Infineon/mtb-bsp-manifest/raw/v2.X/mtb-bsp-manifest.xml'
Downloading manifest file 'https://github.com/Infineon/mtb-bsp-manifest/raw/v2.X/mtb-bsp-manifest-fv2.xml'
Downloading manifest file 'https://github.com/Infineon/mtb-bsp-manifest/raw/v2.X/mtb-bsp-dependencies-manifest.xml'
Downloading manifest file 'https://github.com/Infineon/mtb-bt-bsp-manifest/raw/v2.X/mtb-bt-bsp-manifest.xml'
Downloading manifest file 'https://github.com/Infineon/mtb-bt-bsp-manifest/raw/v2.X/mtb-bt-bsp-manifest-fv2.xml'
Downloading manifest file 'https://github.com/Infineon/mtb-bt-bsp-manifest/raw/v2.X/mtb-bt-bsp-dependencies-manifest.xml'
Downloading manifest file 'https://github.com/Infineon/mtb-mw-manifest/raw/v2.X/mtb-mw-manifest.xml'
Downloading manifest file 'https://github.com/Infineon/mtb-mw-manifest/raw/v2.X/mtb-mw-manifest-fv2.xml'
Downloading manifest file 'https://github.com/Infineon/mtb-mw-manifest/raw/v2.X/mtb-mw-dependencies-manifest.xml'
Downloading manifest file 'https://github.com/Infineon/mtb-bt-mw-manifest/raw/v2.X/mtb-bt-mw-manifest.xml'
Downloading manifest file 'https://github.com/Infineon/mtb-bt-mw-manifest/raw/v2.X/mtb-bt-mw-manifest-fv2.xml'
Downloading manifest file 'https://github.com/Infineon/mtb-bt-mw-manifest/raw/v2.X/mtb-bt-mw-dependencies-manifest.xml'
Downloading manifest file 'https://github.com/Infineon/mtb-wifi-mw-manifest/raw/v2.X/mtb-wifi-mw-manifest.xml'
Downloading manifest file 'https://github.com/Infineon/mtb-wifi-mw-manifest/raw/v2.X/mtb-wifi-mw-manifest-fv2.xml'
Downloading manifest file 'https://github.com/Infineon/mtb-wifi-mw-manifest/raw/v2.X/mtb-wifi-mw-dependencies-manifest.xml'
Downloading manifest file 'https://github.com/memfault/mtb-memfault-mw-manifest/raw/main/mtb-memfault-mw-manifest-fv2.xml'
Downloading manifest file 'https://github.com/golioth/mtb-golioth-mw-manifest/raw/main/mtb-golioth-mw-manifest-fv2.xml'
Finished download of file 'https://github.com/Infineon/mtb-ce-manifest/raw/v2.X/mtb-ce-manifest.xml'
Finished download of file 'https://github.com/Infineon/mtb-ce-manifest/raw/v2.X/mtb-ce-manifest-fv2.xml'
Finished download of file 'https://github.com/Infineon/mtb-bt-app-manifest/raw/v2.X/mtb-bt-app-manifest.xml'
Finished download of file 'https://github.com/Infineon/mtb-bt-app-manifest/raw/v2.X/mtb-bt-app-manifest-fv2.xml'
Finished download of file 'https://github.com/memfault/mtb-memfault-ce-manifest/raw/main/mtb-memfault-ce-manifest-fv2.xml'
Finished download of file 'https://github.com/Infineon/cce-app-manifest/raw/v2.X/cce-app-manifest-fv2.xml'
Finished download of file 'https://github.com/edgeimpulse/edgeimpulse-ce-manifest/raw/main/edgeimpulse-ce-manifest-fv2.xml'
Finished download of file 'https://github.com/golioth/mtb-golioth-ce-manifest/raw/main/mtb-golioth-ce-manifest-fv2.xml'
Finished download of file 'https://github.com/Infineon/mtb-bsp-manifest/raw/v2.X/mtb-bsp-manifest.xml'
Finished download of file 'https://github.com/Infineon/mtb-bsp-manifest/raw/v2.X/mtb-bsp-manifest-fv2.xml'
Finished download of file 'https://github.com/Infineon/mtb-bsp-manifest/raw/v2.X/mtb-bsp-dependencies-manifest.xml'
Finished download of file 'https://github.com/Infineon/mtb-bt-bsp-manifest/raw/v2.X/mtb-bt-bsp-manifest.xml'
Finished download of file 'https://github.com/Infineon/mtb-bt-bsp-manifest/raw/v2.X/mtb-bt-bsp-manifest-fv2.xml'
Finished download of file 'https://github.com/Infineon/mtb-bt-bsp-manifest/raw/v2.X/mtb-bt-bsp-dependencies-manifest.xml'
Finished download of file 'https://github.com/Infineon/mtb-mw-manifest/raw/v2.X/mtb-mw-manifest.xml'
Finished download of file 'https://github.com/Infineon/mtb-mw-manifest/raw/v2.X/mtb-mw-manifest-fv2.xml'
Finished download of file 'https://github.com/Infineon/mtb-mw-manifest/raw/v2.X/mtb-mw-dependencies-manifest.xml'
Finished download of file 'https://github.com/Infineon/mtb-bt-mw-manifest/raw/v2.X/mtb-bt-mw-manifest.xml'
Finished download of file 'https://github.com/Infineon/mtb-bt-mw-manifest/raw/v2.X/mtb-bt-mw-manifest-fv2.xml'
Finished download of file 'https://github.com/Infineon/mtb-bt-mw-manifest/raw/v2.X/mtb-bt-mw-dependencies-manifest.xml'
Finished download of file 'https://github.com/Infineon/mtb-wifi-mw-manifest/raw/v2.X/mtb-wifi-mw-manifest.xml'
Finished download of file 'https://github.com/Infineon/mtb-wifi-mw-manifest/raw/v2.X/mtb-wifi-mw-manifest-fv2.xml'
Finished download of file 'https://github.com/Infineon/mtb-wifi-mw-manifest/raw/v2.X/mtb-wifi-mw-dependencies-manifest.xml'
Finished download of file 'https://github.com/memfault/mtb-memfault-mw-manifest/raw/main/mtb-memfault-mw-manifest-fv2.xml'
Finished download of file 'https://github.com/golioth/mtb-golioth-mw-manifest/raw/main/mtb-golioth-mw-manifest-fv2.xml'
Finished loading the manifest data (2449 ms)
Loading the device db
Finished loading the device db (1921 ms)
INFO:Using the executable path for the tools directory.
0 error(s), 0 warning(s)
INFO:Using the executable path for the tools directory.

Summary: 

BSP: CY8CKIT-062-WIFI-BT
Template Application(s): Empty App
Application(s) Root Path: C:/Users/Alico/psoc6

Press "Create" to create the selected application(s).

Collecting application data...

Info: The following entered on the command line will create the exact same project as that created with the GUI tool:
C:/Users/Alico/ModusToolbox/tools_3.0/project-creator/project-creator-cli.exe --board-id CY8CKIT-062-WIFI-BT --board-uri https://github.com/cypresssemiconductorco/TARGET_CY8CKIT-062-WIFI-BT --board-commit latest-v4.X --app-id mtb-example-empty-app --app-uri https://github.com/Infineon/mtb-example-empty-app --app-commit latest-v4.X --cypress-tools C:/Users/Alico/ModusToolbox/tools_3.0 --target-dir C:/Users/Alico/psoc6 --user-app-name Blink_1_LED_SWdelay --use-modus-shell

Starting application creation for 'C:/Users/Alico/psoc6/Blink_1_LED_SWdelay'.
Acquiring the application source 'https://github.com/Infineon/mtb-example-empty-app'.
Acquired application source successfully.
Loading the application.
Loaded the application successfully.
Processing project 'Blink_1_LED_SWdelay'.
Starting to commit changes to the filesystem and project 'mtb-example-empty-app'.
Writing mtb file for asset 'CY8CKIT-062-WIFI-BT' to the folder 'C:/Users/Alico/psoc6/Blink_1_LED_SWdelay/deps'.
Writing mtb file for asset 'cat1cm0p' to the folder 'C:/Users/Alico/psoc6/Blink_1_LED_SWdelay/libs'.
Writing mtb file for asset 'core-lib' to the folder 'C:/Users/Alico/psoc6/Blink_1_LED_SWdelay/libs'.
Writing mtb file for asset 'core-make' to the folder 'C:/Users/Alico/psoc6/Blink_1_LED_SWdelay/libs'.
Writing mtb file for asset 'mtb-hal-cat1' to the folder 'C:/Users/Alico/psoc6/Blink_1_LED_SWdelay/libs'.
Writing mtb file for asset 'mtb-pdl-cat1' to the folder 'C:/Users/Alico/psoc6/Blink_1_LED_SWdelay/libs'.
Writing mtb file for asset 'recipe-make-cat1a' to the folder 'C:/Users/Alico/psoc6/Blink_1_LED_SWdelay/libs'.
Writing mtb file for asset 'udb-sdio-whd' to the folder 'C:/Users/Alico/psoc6/Blink_1_LED_SWdelay/libs'.
Writing mtb file for asset 'cmsis' to the folder 'C:/Users/Alico/psoc6/Blink_1_LED_SWdelay/libs'.
Starting: git -C C:/Users/Alico/.modustoolbox/git/cache/git/https___github.com_cypresssemiconductorco_TARGET_CY8CKIT-062-WIFI-BT/TARGET_CY8CKIT-062-WIFI-BT config remote.origin.fetch 'refs/heads/*:refs/heads/*'
Starting: git -C C:/Users/Alico/psoc6/mtb_shared/cat1cm0p/release-v1.0.0 config remote.origin.fetch 'refs/heads/*:refs/heads/*'
Starting: git -C C:/Users/Alico/psoc6/mtb_shared/core-lib/release-v1.3.1 config remote.origin.fetch 'refs/heads/*:refs/heads/*'
Success: git -C C:/Users/Alico/.modustoolbox/git/cache/git/https___github.com_cypresssemiconductorco_TARGET_CY8CKIT-062-WIFI-BT/TARGET_CY8CKIT-062-WIFI-BT config remote.origin.fetch 'refs/heads/*:refs/heads/*'
Starting: git -C C:/Users/Alico/psoc6/mtb_shared/core-make/release-v3.0.0 config remote.origin.fetch 'refs/heads/*:refs/heads/*'
Success: git -C C:/Users/Alico/psoc6/mtb_shared/cat1cm0p/release-v1.0.0 config remote.origin.fetch 'refs/heads/*:refs/heads/*'
Starting: git -C C:/Users/Alico/psoc6/mtb_shared/mtb-hal-cat1/release-v2.2.0 config remote.origin.fetch 'refs/heads/*:refs/heads/*'
Success: git -C C:/Users/Alico/psoc6/mtb_shared/core-lib/release-v1.3.1 config remote.origin.fetch 'refs/heads/*:refs/heads/*'
Starting: git -C C:/Users/Alico/psoc6/mtb_shared/mtb-pdl-cat1/release-v3.0.0 config remote.origin.fetch 'refs/heads/*:refs/heads/*'
Success: git -C C:/Users/Alico/psoc6/mtb_shared/core-make/release-v3.0.0 config remote.origin.fetch 'refs/heads/*:refs/heads/*'
Starting: git -C C:/Users/Alico/psoc6/mtb_shared/recipe-make-cat1a/release-v2.0.0 config remote.origin.fetch 'refs/heads/*:refs/heads/*'
Success: git -C C:/Users/Alico/psoc6/mtb_shared/mtb-pdl-cat1/release-v3.0.0 config remote.origin.fetch 'refs/heads/*:refs/heads/*'
Starting: git -C C:/Users/Alico/psoc6/mtb_shared/udb-sdio-whd/release-v1.2.0 config remote.origin.fetch 'refs/heads/*:refs/heads/*'
Success: git -C C:/Users/Alico/psoc6/mtb_shared/mtb-hal-cat1/release-v2.2.0 config remote.origin.fetch 'refs/heads/*:refs/heads/*'
Starting: git -C C:/Users/Alico/psoc6/mtb_shared/cmsis/release-v5.8.0 config remote.origin.fetch 'refs/heads/*:refs/heads/*'
Success: git -C C:/Users/Alico/psoc6/mtb_shared/recipe-make-cat1a/release-v2.0.0 config remote.origin.fetch 'refs/heads/*:refs/heads/*'
Starting: git -C C:/Users/Alico/.modustoolbox/git/cache/git/https___github.com_cypresssemiconductorco_TARGET_CY8CKIT-062-WIFI-BT/TARGET_CY8CKIT-062-WIFI-BT fetch --all --tags --force --quiet
Success: git -C C:/Users/Alico/psoc6/mtb_shared/cmsis/release-v5.8.0 config remote.origin.fetch 'refs/heads/*:refs/heads/*'
Starting: git -C C:/Users/Alico/psoc6/mtb_shared/cat1cm0p/release-v1.0.0 fetch cypress --tags --force --quiet
Success: git -C C:/Users/Alico/psoc6/mtb_shared/udb-sdio-whd/release-v1.2.0 config remote.origin.fetch 'refs/heads/*:refs/heads/*'
Starting: git -C C:/Users/Alico/psoc6/mtb_shared/core-lib/release-v1.3.1 fetch cypress --tags --force --quiet
Success: git -C C:/Users/Alico/psoc6/mtb_shared/cat1cm0p/release-v1.0.0 fetch cypress --tags --force --quiet
Starting: git -C C:/Users/Alico/psoc6/mtb_shared/core-make/release-v3.0.0 fetch cypress --tags --force --quiet
Success: git -C C:/Users/Alico/psoc6/mtb_shared/core-lib/release-v1.3.1 fetch cypress --tags --force --quiet
Starting: git -C C:/Users/Alico/psoc6/mtb_shared/mtb-pdl-cat1/release-v3.0.0 fetch cypress --tags --force --quiet
Success: git -C C:/Users/Alico/psoc6/mtb_shared/mtb-pdl-cat1/release-v3.0.0 fetch cypress --tags --force --quiet
Starting: git -C C:/Users/Alico/psoc6/mtb_shared/mtb-hal-cat1/release-v2.2.0 fetch cypress --tags --force --quiet
Success: git -C C:/Users/Alico/psoc6/mtb_shared/core-make/release-v3.0.0 fetch cypress --tags --force --quiet
Starting: git -C C:/Users/Alico/psoc6/mtb_shared/recipe-make-cat1a/release-v2.0.0 fetch cypress --tags --force --quiet
Success: git -C C:/Users/Alico/.modustoolbox/git/cache/git/https___github.com_cypresssemiconductorco_TARGET_CY8CKIT-062-WIFI-BT/TARGET_CY8CKIT-062-WIFI-BT fetch --all --tags --force --quiet
Starting: git -C C:/Users/Alico/psoc6/mtb_shared/cmsis/release-v5.8.0 fetch cypress --tags --force --quiet
Success: git -C C:/Users/Alico/psoc6/mtb_shared/mtb-hal-cat1/release-v2.2.0 fetch cypress --tags --force --quiet
Starting: git -C C:/Users/Alico/psoc6/mtb_shared/udb-sdio-whd/release-v1.2.0 fetch cypress --tags --force --quiet
Success: git -C C:/Users/Alico/psoc6/mtb_shared/recipe-make-cat1a/release-v2.0.0 fetch cypress --tags --force --quiet
Starting: git -C C:/Users/Alico/psoc6/mtb_shared/cat1cm0p/release-v1.0.0 checkout release-v1.0.0
HEAD is now at b3d4b82 Upload cat1cm0p 1.0.0.148
Success: git -C C:/Users/Alico/psoc6/mtb_shared/cat1cm0p/release-v1.0.0 checkout release-v1.0.0
Starting: git -C C:/Users/Alico/psoc6/mtb_shared/core-lib/release-v1.3.1 checkout release-v1.3.1
HEAD is now at 1c1cb8a Upload core-lib 1.3.1.29660
Success: git -C C:/Users/Alico/psoc6/mtb_shared/core-lib/release-v1.3.1 checkout release-v1.3.1
Starting: git -C C:/Users/Alico/psoc6/mtb_shared/mtb-pdl-cat1/release-v3.0.0 checkout release-v3.0.0
Success: git -C C:/Users/Alico/psoc6/mtb_shared/cmsis/release-v5.8.0 fetch cypress --tags --force --quiet
Starting: git -C C:/Users/Alico/psoc6/mtb_shared/core-make/release-v3.0.0 checkout release-v3.0.0
HEAD is now at e851dc2 Upload mtb-pdl-cat1 3.0.0.19024
Success: git -C C:/Users/Alico/psoc6/mtb_shared/mtb-pdl-cat1/release-v3.0.0 checkout release-v3.0.0
Starting: git -C C:/Users/Alico/psoc6/Blink_1_LED_SWdelay/libs clone --origin cypress --no-checkout C:/Users/Alico/.modustoolbox/git/cache/git/https___github.com_cypresssemiconductorco_TARGET_CY8CKIT-062-WIFI-BT/TARGET_CY8CKIT-062-WIFI-BT TARGET_CY8CKIT-062-WIFI-BT
HEAD is now at 275d58b Upload core-make 3.0.0.4056
Success: git -C C:/Users/Alico/psoc6/mtb_shared/core-make/release-v3.0.0 checkout release-v3.0.0
Starting: git -C C:/Users/Alico/psoc6/mtb_shared/mtb-hal-cat1/release-v2.2.0 checkout release-v2.2.0
Cloning into 'TARGET_CY8CKIT-062-WIFI-BT'...
Success: git -C C:/Users/Alico/psoc6/mtb_shared/udb-sdio-whd/release-v1.2.0 fetch cypress --tags --force --quiet
Starting: git -C C:/Users/Alico/psoc6/mtb_shared/recipe-make-cat1a/release-v2.0.0 checkout release-v2.0.0
HEAD is now at
 28d875a Upload recipe-make-cat1a 2.0.0.4056
Success: git -C C:/Users/Alico/psoc6/mtb_shared/recipe-make-cat1a/release-v2.0.0 checkout release-v2.0.0
Starting: git -C C:/Users/Alico/psoc6/mtb_shared/cmsis/release-v5.8.0 checkout release-v5.8.0
done.
HEAD is now at c3e71c0 Upload mtb-hal-cat1 2.2.0.29808
Success: git -C C:/Users/Alico/psoc6/mtb_shared/mtb-hal-cat1/release-v2.2.0 checkout release-v2.2.0
Starting: git -C C:/Users/Alico/psoc6/mtb_shared/udb-sdio-whd/release-v1.2.0 checkout release-v1.2.0
Success: git -C C:/Users/Alico/psoc6/Blink_1_LED_SWdelay/libs clone --origin cypress --no-checkout C:/Users/Alico/.modustoolbox/git/cache/git/https___github.com_cypresssemiconductorco_TARGET_CY8CKIT-062-WIFI-BT/TARGET_CY8CKIT-062-WIFI-BT TARGET_CY8CKIT-062-WIFI-BT
Starting: git -C C:/Users/Alico/psoc6/Blink_1_LED_SWdelay/libs/TARGET_CY8CKIT-062-WIFI-BT checkout release-v4.0.0
HEAD is now at
 
7fd3d2c
 Upload udb-sdio-whd 1.2.0.29660
Success: git -C C:/Users/Alico/psoc6/mtb_shared/udb-sdio-whd/release-v1.2.0 checkout release-v1.2.0
HEAD is now at
 ce02f64 Upload cmsis 5.8.0.50
Success: git -C C:/Users/Alico/psoc6/mtb_shared/cmsis/release-v5.8.0 checkout release-v5.8.0
Note: switching to 'release-v4.0.0'.

You are in 'detached HEAD' state. You can look around, make experimental
changes and commit them, and you can discard any commits you make in this
state without impacting any branches by switching back to a branch.

If you want to create a new branch to retain commits you create, you may
do so (now or later) by using -c with the switch command. Example:

  git switch -c <new-branch-name>

Or undo this operation with:

  git switch -

Turn off this advice by setting config variable advice.detachedHead to false

HEAD is now at 35285e0 Upload TARGET_CY8CKIT-062-WIFI-BT 4.0.0.29660
Success: git -C C:/Users/Alico/psoc6/Blink_1_LED_SWdelay/libs/TARGET_CY8CKIT-062-WIFI-BT checkout release-v4.0.0
Starting: git -C C:/Users/Alico/psoc6/Blink_1_LED_SWdelay/libs/TARGET_CY8CKIT-062-WIFI-BT remote set-url cypress https://github.com/cypresssemiconductorco/TARGET_CY8CKIT-062-WIFI-BT
Success: git -C C:/Users/Alico/psoc6/Blink_1_LED_SWdelay/libs/TARGET_CY8CKIT-062-WIFI-BT remote set-url cypress https://github.com/cypresssemiconductorco/TARGET_CY8CKIT-062-WIFI-BT
Starting: git -C C:/Users/Alico/psoc6/Blink_1_LED_SWdelay/libs/TARGET_CY8CKIT-062-WIFI-BT remote set-url --push cypress https://github.com/cypresssemiconductorco/TARGET_CY8CKIT-062-WIFI-BT
Success: git -C C:/Users/Alico/psoc6/Blink_1_LED_SWdelay/libs/TARGET_CY8CKIT-062-WIFI-BT remote set-url --push cypress https://github.com/cypresssemiconductorco/TARGET_CY8CKIT-062-WIFI-BT
Starting: git -C C:/Users/Alico/psoc6/Blink_1_LED_SWdelay/libs/TARGET_CY8CKIT-062-WIFI-BT remote add cypress-offline C:/Users/Alico/.modustoolbox/offline/git/https___github.com_cypresssemiconductorco_TARGET_CY8CKIT-062-WIFI-BT/TARGET_CY8CKIT-062-WIFI-BT
Success: git -C C:/Users/Alico/psoc6/Blink_1_LED_SWdelay/libs/TARGET_CY8CKIT-062-WIFI-BT remote add cypress-offline C:/Users/Alico/.modustoolbox/offline/git/https___github.com_cypresssemiconductorco_TARGET_CY8CKIT-062-WIFI-BT/TARGET_CY8CKIT-062-WIFI-BT
Requested to change the active target to 'APP_CY8CKIT-062-WIFI-BT'.
Removed the file 'C:/Users/Alico/psoc6/Blink_1_LED_SWdelay/deps/TARGET_CY8CKIT-062-WIFI-BT.mtb'.
Writing the file 'C:/Users/Alico/psoc6/Blink_1_LED_SWdelay/libs/app.mk'.
Successfully committed changes to the project 'mtb-example-empty-app'.
Project "Blink_1_LED_SWdelay" created successfully.
Successfully created "Blink_1_LED_SWdelay" application.
==============================================================================
= Export "Blink_1_LED_SWdelay" application to Eclipse IDE for ModusToolbox™ =
==============================================================================
C:/Users/Alico/ModusToolbox/tools_3.0/modus-shell/bin/make.exe eclipse CY_IDE_PRJNAME=Blink_1_LED_SWdelay CY_MAKE_IDE=eclipse CY_MAKE_IDE_VERSION=3.0 CY_TOOLS_PATHS=C:/Users/Alico/ModusToolbox/tools_3.0 MTB_MAKE_ECLIPSE_FORCE_REGENERATE_PROJECT=1
Tools Directory: C:/Users/Alico/ModusToolbox/tools_3.0
Searching installed tools in progress...
Searching installed tools complete




Prebuild operations complete

Auto-discovery in progress...
Auto-discovery complete
Commencing build operations...

Tools Directory: C:/Users/Alico/ModusToolbox/tools_3.0

Initializing build: mtb-example-empty-app Debug APP_CY8CKIT-062-WIFI-BT GCC_ARM

Constructing build rules...
Build rules construction complete

==============================================================================
= Generating IDE files =
==============================================================================
Generated C:/Users/Alico/psoc6/Blink_1_LED_SWdelay/.mtbLaunchConfigs/Blink_1_LED_SWdelay Attach (JLink).launch
Generated C:/Users/Alico/psoc6/Blink_1_LED_SWdelay/.mtbLaunchConfigs/Blink_1_LED_SWdelay Attach (KitProg3_MiniProg4).launch
Generated C:/Users/Alico/psoc6/Blink_1_LED_SWdelay/.mtbLaunchConfigs/Blink_1_LED_SWdelay Debug (JLink).launch
Generated C:/Users/Alico/psoc6/Blink_1_LED_SWdelay/.mtbLaunchConfigs/Blink_1_LED_SWdelay Debug (KitProg3_MiniProg4).launch
Generated C:/Users/Alico/psoc6/Blink_1_LED_SWdelay/.mtbLaunchConfigs/Blink_1_LED_SWdelay Erase (JLink).launch
Generated C:/Users/Alico/psoc6/Blink_1_LED_SWdelay/.mtbLaunchConfigs/Blink_1_LED_SWdelay Erase (KitProg3_MiniProg4).launch
Generated C:/Users/Alico/psoc6/Blink_1_LED_SWdelay/.mtbLaunchConfigs/Blink_1_LED_SWdelay Program (JLink).launch
Generated C:/Users/Alico/psoc6/Blink_1_LED_SWdelay/.mtbLaunchConfigs/Blink_1_LED_SWdelay Program (KitProg3_MiniProg4).launch
Generated C:/Users/Alico/psoc6/Blink_1_LED_SWdelay/.project
Generated C:/Users/Alico/psoc6/Blink_1_LED_SWdelay/.cproject
Instructions:
1. Open Eclipse IDE for ModusToolbox
2. Select 'Import Existing Application In-Place' from the QuickPanel
3. Browse to the application root directory
  
The application "Blink_1_LED_SWdelay" was successfully exported to Eclipse IDE for ModusToolbox™.
0 error(s), 0 warning(s)

Summary:

Successfully created and exported "Blink_1_LED_SWdelay" application.
