20:12:38 **** Incremental Build of configuration Debug for project Blink_1_LED_SWdelay ****
"C:\\Users\\Alico\\ModusToolbox\\tools_3.0\\modus-shell\\bin\\make" CY_MAKE_IDE=eclipse CY_IDE_TOOLS_DIR=C:/Users/Alico/ModusToolbox/tools_3.0 CY_IDE_BT_TOOLS_DIR= -j4 all 
Tools Directory: C:/Users/Alico/ModusToolbox/tools_3.0
Searching installed tools in progress...
Searching installed tools complete




Prebuild operations complete

Auto-discovery in progress...
Auto-discovery complete
Commencing build operations...

Tools Directory: C:/Users/Alico/ModusToolbox/tools_3.0

Initializing build: mtb-example-empty-app Debug APP_CY8CKIT-062-WIFI-BT GCC_ARM

Constructing build rules...
Build rules construction complete

==============================================================================
= Building application =
==============================================================================
Generating compilation database file...
-> ./build/compile_commands.json
Compilation database file generation complete
Building 194 file(s)
==============================================================================
= Build complete =
==============================================================================

Calculating memory consumption: CY8C6247BZI-D54 GCC_ARM

   ---------------------------------------------------- 
  | Section Name         |  Address      |  Size       | 
   ---------------------------------------------------- 
  | .cy_m0p_image        |  0x10000000   |  6452       | 
  | .text                |  0x10002000   |  14092      | 
  | .ARM.exidx           |  0x1000570c   |  8          | 
  | .copy.table          |  0x10005714   |  24         | 
  | .zero.table          |  0x1000572c   |  8          | 
  | .data                |  0x0800228c   |  996        | 
  | .cy_sharedmem        |  0x08002670   |  12         | 
  | .noinit              |  0x08002680   |  232        | 
  | .bss                 |  0x08002768   |  724        | 
  | .heap                |  0x08002a40   |  277952     | 
   ---------------------------------------------------- 

  Total Internal Flash (Available)          1048576    
  Total Internal Flash (Utilized)           23340      


  

20:12:49 Build Finished. 0 errors, 0 warnings. (took 10s.972ms)

